::1 - - [11/May/2020:02:16:07 +0000] "DELETE /api/v1/categories/23 HTTP/1.1" 200 74 "-" "PostmanRuntime/7.24.1"
::1 - - [11/May/2020:02:16:10 +0000] "GET /api/v1/categories/23 HTTP/1.1" 200 90 "-" "PostmanRuntime/7.24.1"
::1 - - [11/May/2020:02:16:13 +0000] "POST /api/v1/categories/23 HTTP/1.1" 404 160 "-" "PostmanRuntime/7.24.1"
::1 - - [11/May/2020:02:29:48 +0000] "GET /api/v1/categories HTTP/1.1" 200 73 "-" "PostmanRuntime/7.24.1"
::1 - - [11/May/2020:02:34:28 +0000] "GET /api/v1/categories/12 HTTP/1.1" 200 90 "-" "PostmanRuntime/7.24.1"
::1 - - [11/May/2020:02:35:33 +0000] "POST /api/v1/categories HTTP/1.1" 200 68 "-" "PostmanRuntime/7.24.1"
::1 - - [11/May/2020:02:36:08 +0000] "PUT /api/v1/categories/12 HTTP/1.1" 200 70 "-" "PostmanRuntime/7.24.1"
::1 - - [11/May/2020:02:37:02 +0000] "DELETE /api/v1/categories/12 HTTP/1.1" 200 74 "-" "PostmanRuntime/7.24.1"
::1 - - [11/May/2020:05:31:57 +0000] "POST /api/v1/categories HTTP/1.1" 200 68 "-" "PostmanRuntime/7.24.1"
::1 - - [11/May/2020:05:43:29 +0000] "POST /api/v1/categories HTTP/1.1" 200 68 "-" "PostmanRuntime/7.24.1"
::1 - - [11/May/2020:05:44:29 +0000] "POST /api/v1/categories HTTP/1.1" 200 68 "-" "PostmanRuntime/7.24.1"
::1 - - [11/May/2020:05:51:56 +0000] "POST /api/v1/categories HTTP/1.1" 200 68 "-" "PostmanRuntime/7.24.1"
::1 - - [11/May/2020:05:54:16 +0000] "POST /api/v1/categories HTTP/1.1" 200 68 "-" "PostmanRuntime/7.24.1"
::1 - - [11/May/2020:05:57:39 +0000] "POST /api/v1/categories HTTP/1.1" 200 68 "-" "PostmanRuntime/7.24.1"
::1 - - [11/May/2020:05:58:08 +0000] "GET /api/v1/categories/12 HTTP/1.1" 200 90 "-" "PostmanRuntime/7.24.1"
::1 - - [11/May/2020:05:58:13 +0000] "POST /api/v1/categories HTTP/1.1" 200 68 "-" "PostmanRuntime/7.24.1"
::1 - - [11/May/2020:05:59:57 +0000] "POST /api/v1/categories HTTP/1.1" 200 68 "-" "PostmanRuntime/7.24.1"
::1 - - [11/May/2020:06:03:38 +0000] "POST /api/v1/categories HTTP/1.1" 500 1859 "-" "PostmanRuntime/7.24.1"
::1 - - [11/May/2020:06:04:39 +0000] "POST /api/v1/categories HTTP/1.1" 200 68 "-" "PostmanRuntime/7.24.1"
::1 - - [11/May/2020:09:40:49 +0000] "POST /api/v1/categories HTTP/1.1" 200 68 "-" "PostmanRuntime/7.24.1"
::1 - - [11/May/2020:09:41:23 +0000] "POST /api/v1/categories HTTP/1.1" 200 68 "-" "PostmanRuntime/7.24.1"
::1 - - [11/May/2020:09:41:38 +0000] "POST /api/v1/categories HTTP/1.1" 200 68 "-" "PostmanRuntime/7.24.1"
::1 - - [11/May/2020:09:42:10 +0000] "POST /api/v1/categories HTTP/1.1" 200 68 "-" "PostmanRuntime/7.24.1"
::1 - - [11/May/2020:09:52:58 +0000] "POST /api/v1/categories HTTP/1.1" 400 544 "-" "PostmanRuntime/7.24.1"
::1 - - [11/May/2020:09:53:52 +0000] "POST /api/v1/categories HTTP/1.1" 200 68 "-" "PostmanRuntime/7.24.1"
::1 - - [11/May/2020:10:05:45 +0000] "POST /api/v1/categories HTTP/1.1" 400 279 "-" "PostmanRuntime/7.24.1"
::1 - - [11/May/2020:10:06:00 +0000] "POST /api/v1/categories HTTP/1.1" 200 68 "-" "PostmanRuntime/7.24.1"
::1 - - [11/May/2020:10:11:00 +0000] "POST /api/v1/categories HTTP/1.1" 400 656 "-" "PostmanRuntime/7.24.1"
::1 - - [11/May/2020:10:14:38 +0000] "POST /api/v1/categories HTTP/1.1" 400 656 "-" "PostmanRuntime/7.24.1"
::1 - - [11/May/2020:10:15:09 +0000] "POST /api/v1/categories HTTP/1.1" 200 68 "-" "PostmanRuntime/7.24.1"
::1 - - [11/May/2020:10:15:46 +0000] "POST /api/v1/categories HTTP/1.1" 400 279 "-" "PostmanRuntime/7.24.1"
::1 - - [11/May/2020:10:15:53 +0000] "POST /api/v1/categories HTTP/1.1" 200 68 "-" "PostmanRuntime/7.24.1"
::1 - - [11/May/2020:10:31:00 +0000] "GET /api/v1/categories HTTP/1.1" 200 995 "-" "PostmanRuntime/7.24.1"
::1 - - [11/May/2020:10:39:42 +0000] "GET /api/v1/categories/5eb920b008688d69948b6384 HTTP/1.1" 200 267 "-" "PostmanRuntime/7.24.1"
::1 - - [11/May/2020:10:42:36 +0000] "GET /api/v1/categories/5eb920b008688d69948b63841 HTTP/1.1" 400 268 "-" "PostmanRuntime/7.24.1"
::1 - - [11/May/2020:10:42:43 +0000] "GET /api/v1/categories/5eb920b008688d69948b638a HTTP/1.1" 400 93 "-" "PostmanRuntime/7.24.1"
::1 - - [11/May/2020:10:42:51 +0000] "GET /api/v1/categories/5eb920b008688d69948b6384 HTTP/1.1" 200 267 "-" "PostmanRuntime/7.24.1"
::1 - - [11/May/2020:13:16:57 +0000] "DELETE /api/v1/categories/%205eb9238708688d69948b6386 HTTP/1.1" 400 268 "-" "PostmanRuntime/7.24.1"
::1 - - [11/May/2020:13:17:22 +0000] "DELETE /api/v1/categories/%205eb9238708688d69948b6386 HTTP/1.1" 400 268 "-" "PostmanRuntime/7.24.1"
::1 - - [11/May/2020:13:17:58 +0000] "DELETE /api/v1/categories/%205eb925ac075abf8b30cf9ce7 HTTP/1.1" 400 268 "-" "PostmanRuntime/7.24.1"
::1 - - [11/May/2020:13:18:21 +0000] "DELETE /api/v1/categories/%205eb925d9075abf8b30cf9ce9 HTTP/1.1" 400 268 "-" "PostmanRuntime/7.24.1"
::1 - - [11/May/2020:13:19:01 +0000] "DELETE /api/v1/categories/%205eb925d9075abf8b30cf9ce9 HTTP/1.1" 400 268 "-" "PostmanRuntime/7.24.1"
::1 - - [11/May/2020:13:20:37 +0000] "DELETE /api/v1/categories/%205eb9238708688d69948b6386 HTTP/1.1" 400 268 "-" "PostmanRuntime/7.24.1"
::1 - - [11/May/2020:13:21:13 +0000] "DELETE /api/v1/categories/%2012 HTTP/1.1" 400 202 "-" "PostmanRuntime/7.24.1"
::1 - - [11/May/2020:13:21:14 +0000] "DELETE /api/v1/categories/%2012 HTTP/1.1" 400 202 "-" "PostmanRuntime/7.24.1"
::1 - - [11/May/2020:13:21:14 +0000] "DELETE /api/v1/categories/%2012 HTTP/1.1" 400 202 "-" "PostmanRuntime/7.24.1"
::1 - - [12/May/2020:03:21:30 +0000] "DELETE /api/v1/categories/%2012 HTTP/1.1" 400 202 "-" "PostmanRuntime/7.24.1"
::1 - - [12/May/2020:03:23:41 +0000] "DELETE /api/v1/categories/5eb925d9075abf8b30cf9ce9 HTTP/1.1" 200 263 "-" "PostmanRuntime/7.24.1"
::1 - - [12/May/2020:03:23:57 +0000] "GET /api/v1/categories HTTP/1.1" 200 755 "-" "PostmanRuntime/7.24.1"
::1 - - [12/May/2020:03:24:12 +0000] "DELETE /api/v1/categories/5eb925ac075abf8b30cf9ce7 HTTP/1.1" 200 267 "-" "PostmanRuntime/7.24.1"
::1 - - [12/May/2020:03:24:35 +0000] "GET /api/v1/categories HTTP/1.1" 200 511 "-" "PostmanRuntime/7.24.1"
::1 - - [12/May/2020:03:26:17 +0000] "GET /api/v1/categories/5eb920b008688d69948b6384 HTTP/1.1" 200 267 "-" "PostmanRuntime/7.24.1"
::1 - - [12/May/2020:03:26:29 +0000] "GET /api/v1/categories/5eb9238708688d69948b6386 HTTP/1.1" 200 265 "-" "PostmanRuntime/7.24.1"
::1 - - [12/May/2020:03:28:06 +0000] "GET /api/v1/categories HTTP/1.1" 200 511 "-" "PostmanRuntime/7.24.1"
::1 - - [12/May/2020:03:28:17 +0000] "DELETE /api/v1/categories/5eb9238708688d69948b6386 HTTP/1.1" 200 265 "-" "PostmanRuntime/7.24.1"
::1 - - [12/May/2020:03:29:14 +0000] "PUT /api/v1/categories/12 HTTP/1.1" 200 70 "-" "PostmanRuntime/7.24.1"
::1 - - [12/May/2020:03:31:21 +0000] "PUT /api/v1/categories/12 HTTP/1.1" 200 70 "-" "PostmanRuntime/7.24.1"
::1 - - [12/May/2020:03:37:30 +0000] "GET /api/v1/categories HTTP/1.1" 200 269 "-" "PostmanRuntime/7.24.1"
::1 - - [12/May/2020:03:37:38 +0000] "PUT /api/v1/categories/12 HTTP/1.1" 400 199 "-" "PostmanRuntime/7.24.1"
::1 - - [12/May/2020:03:37:43 +0000] "PUT /api/v1/categories/5eb920b008688d69948b6384 HTTP/1.1" 200 256 "-" "PostmanRuntime/7.24.1"
::1 - - [12/May/2020:03:37:47 +0000] "GET /api/v1/categories HTTP/1.1" 200 258 "-" "PostmanRuntime/7.24.1"
::1 - - [12/May/2020:03:37:57 +0000] "PUT /api/v1/categories/5eb920b008688d69948b6384 HTTP/1.1" 200 267 "-" "PostmanRuntime/7.24.1"
::1 - - [12/May/2020:03:38:01 +0000] "GET /api/v1/categories HTTP/1.1" 200 269 "-" "PostmanRuntime/7.24.1"
::1 - - [12/May/2020:03:38:49 +0000] "PUT /api/v1/categories/5eb920b008688d69948b6384 HTTP/1.1" 200 262 "-" "PostmanRuntime/7.24.1"
::1 - - [12/May/2020:03:38:53 +0000] "GET /api/v1/categories HTTP/1.1" 200 264 "-" "PostmanRuntime/7.24.1"
::1 - - [12/May/2020:03:43:23 +0000] "POST /api/v1/categories HTTP/1.1" 200 68 "-" "PostmanRuntime/7.24.1"
::1 - - [12/May/2020:03:43:37 +0000] "GET /api/v1/categories HTTP/1.1" 200 481 "-" "PostmanRuntime/7.24.1"
::1 - - [12/May/2020:03:44:19 +0000] "POST /api/v1/categories HTTP/1.1" 200 68 "-" "PostmanRuntime/7.24.1"
::1 - - [12/May/2020:03:44:30 +0000] "POST /api/v1/categories HTTP/1.1" 400 952 "-" "PostmanRuntime/7.24.1"
::1 - - [12/May/2020:04:05:36 +0000] "GET /api/v1/categories/5eb9238708688d69948b6386wdwd HTTP/1.1" 500 133 "-" "PostmanRuntime/7.24.1"
::1 - - [12/May/2020:04:06:19 +0000] "GET /api/v1/categories/5eb9238708688d69948b6386wdwd HTTP/1.1" 500 133 "-" "PostmanRuntime/7.24.1"
::1 - - [12/May/2020:05:24:02 +0000] "GET /api/v1/categories/5eb920b008688d69948b6384 HTTP/1.1" 200 262 "-" "PostmanRuntime/7.24.1"
::1 - - [12/May/2020:05:24:19 +0000] "GET /api/v1/categories/5eb920b008688d69948b6382 HTTP/1.1" 400 93 "-" "PostmanRuntime/7.24.1"
::1 - - [12/May/2020:05:43:46 +0000] "GET /api/v1/categories/5eb920b008688d69948b638s HTTP/1.1" 500 129 "-" "PostmanRuntime/7.24.1"
::1 - - [12/May/2020:05:44:02 +0000] "GET /api/v1/categories/5eb920b008688d69948b6382 HTTP/1.1" 400 93 "-" "PostmanRuntime/7.24.1"
::1 - - [12/May/2020:05:44:12 +0000] "GET /api/v1/categories/5eb920b008688d69948b6384 HTTP/1.1" 200 262 "-" "PostmanRuntime/7.24.1"
::1 - - [12/May/2020:05:57:04 +0000] "GET /api/v1/categories/5eb920b008688d69948b638s HTTP/1.1" 500 129 "-" "PostmanRuntime/7.24.1"
::1 - - [12/May/2020:06:20:07 +0000] "POST /api/v1/categories HTTP/1.1" 500 134 "-" "PostmanRuntime/7.24.1"
::1 - - [12/May/2020:06:20:15 +0000] "GET /api/v1/categories HTTP/1.1" 200 691 "-" "PostmanRuntime/7.24.1"
::1 - - [12/May/2020:06:22:09 +0000] "POST /api/v1/categories HTTP/1.1" 500 372 "-" "PostmanRuntime/7.24.1"
::1 - - [12/May/2020:06:26:00 +0000] "POST /api/v1/categoriess HTTP/1.1" 404 158 "-" "PostmanRuntime/7.24.1"
::1 - - [12/May/2020:06:38:14 +0000] "POST /api/v1/categories HTTP/1.1" 500 372 "-" "PostmanRuntime/7.24.1"
::1 - - [12/May/2020:07:01:20 +0000] "GET /api/v1/categories HTTP/1.1" 200 26 "-" "PostmanRuntime/7.24.1"
::1 - - [12/May/2020:07:02:20 +0000] "GET /api/v1/categories HTTP/1.1" 200 691 "-" "PostmanRuntime/7.24.1"
::1 - - [12/May/2020:09:21:32 +0000] "GET /api/v1/categories HTTP/1.1" 200 26 "-" "PostmanRuntime/7.24.1"
::1 - - [12/May/2020:09:21:58 +0000] "POST /api/v1/categories HTTP/1.1" 500 686 "-" "PostmanRuntime/7.24.1"
::1 - - [12/May/2020:09:22:21 +0000] "POST /api/v1/categories HTTP/1.1" 200 68 "-" "PostmanRuntime/7.24.1"
::1 - - [12/May/2020:09:22:26 +0000] "GET /api/v1/categories HTTP/1.1" 200 286 "-" "PostmanRuntime/7.24.1"
::1 - - [12/May/2020:09:22:54 +0000] "POST /api/v1/categories HTTP/1.1" 200 68 "-" "PostmanRuntime/7.24.1"
::1 - - [12/May/2020:09:22:58 +0000] "GET /api/v1/categories HTTP/1.1" 200 526 "-" "PostmanRuntime/7.24.1"
::1 - - [13/May/2020:08:39:26 +0000] "GET /api/v1/categories HTTP/1.1" 200 526 "-" "PostmanRuntime/7.24.1"
::1 - - [13/May/2020:08:45:13 +0000] "GET /api/v1/categories HTTP/1.1" 200 867 "-" "PostmanRuntime/7.24.1"
::1 - - [13/May/2020:08:46:12 +0000] "POST /api/v1/categories HTTP/1.1" 200 68 "-" "PostmanRuntime/7.24.1"
::1 - - [13/May/2020:08:46:16 +0000] "GET /api/v1/categories HTTP/1.1" 200 1131 "-" "PostmanRuntime/7.24.1"
::1 - - [13/May/2020:08:57:24 +0000] "GET /api/v1/categories/name=[$gte]=40000 HTTP/1.1" 500 218 "-" "PostmanRuntime/7.24.1"
::1 - - [13/May/2020:08:58:08 +0000] "GET /api/v1/categories?name=[$gte]=40000 HTTP/1.1" 200 1131 "-" "PostmanRuntime/7.24.1"
::1 - - [13/May/2020:08:58:40 +0000] "GET /api/v1/categories?name=[$gte]=70000 HTTP/1.1" 200 1131 "-" "PostmanRuntime/7.24.1"
::1 - - [13/May/2020:08:58:55 +0000] "GET /api/v1/categories?name=[$gte]=%D0%91%D0%B8%D0%B7%D0%BD%D1%8D%D1%81 HTTP/1.1" 200 1131 "-" "PostmanRuntime/7.24.1"
::1 - - [13/May/2020:08:59:06 +0000] "GET /api/v1/categories?name=[$gte]=%D0%91%D0%B8%D0%B7%D0%BD%D0%B5%D1%81 HTTP/1.1" 200 1131 "-" "PostmanRuntime/7.24.1"
::1 - - [13/May/2020:08:59:58 +0000] "GET /api/v1/categories?name=[$gte]=%D0%A3%D1%80%D0%B0%D0%BD%20%D0%B7%D0%BE%D1%85%D0%B8%D0%BE%D0%BB HTTP/1.1" 200 1131 "-" "PostmanRuntime/7.24.1"
::1 - - [13/May/2020:09:00:21 +0000] "GET /api/v1/categories?name=[$gte]=%D0%A3%D1%80%D0%B0%D0%BD%20%D0%B7%D0%BE%D1%85%D0%B8%D0%BE%D0%BB HTTP/1.1" 200 1131 "-" "PostmanRuntime/7.24.1"
::1 - - [13/May/2020:09:00:45 +0000] "GET /api/v1/categories?name[$gte]=%D0%91%D0%B8%D0%B7%D0%BD%D0%B5%D1%81 HTTP/1.1" 200 1131 "-" "PostmanRuntime/7.24.1"
::1 - - [13/May/2020:09:01:12 +0000] "GET /api/v1/categories?name=%D0%91%D0%B8%D0%B7%D0%BD%D0%B5%D1%81 HTTP/1.1" 200 1131 "-" "PostmanRuntime/7.24.1"
::1 - - [13/May/2020:09:01:35 +0000] "GET /api/v1/categories?name=%D0%A3%D1%80%D0%B0%D0%BD%20%D0%B7%D0%BE%D1%85%D0%B8%D0%BE%D0%BB HTTP/1.1" 200 1131 "-" "PostmanRuntime/7.24.1"
::1 - - [13/May/2020:09:02:18 +0000] "GET /api/v1/categories?name=%D0%91%D0%B8%D0%B7%D0%BD%D0%B5%D1%81 HTTP/1.1" 200 1131 "-" "PostmanRuntime/7.24.1"
::1 - - [13/May/2020:09:10:53 +0000] "GET /api/v1/categories?name=%D0%91%D0%B8%D0%B7%D0%BD%D0%B5%D1%81 HTTP/1.1" 200 290 "-" "PostmanRuntime/7.24.1"
::1 - - [13/May/2020:09:11:04 +0000] "GET /api/v1/categories HTTP/1.1" 200 1131 "-" "PostmanRuntime/7.24.1"
::1 - - [13/May/2020:09:11:49 +0000] "GET /api/v1/categories?averagePrice[$gte]=40000 HTTP/1.1" 200 1131 "-" "PostmanRuntime/7.24.1"
::1 - - [13/May/2020:09:11:59 +0000] "GET /api/v1/categories?averagePrice[$gte]=70000 HTTP/1.1" 200 290 "-" "PostmanRuntime/7.24.1"
::1 - - [13/May/2020:09:12:23 +0000] "GET /api/v1/categories?averagePrice[$gte]=70000&name=%D0%A8%D0%B8%D0%BD%D0%B6%D0%BB%D1%8D%D1%85%20%D1%83%D1%85%D0%B0%D0%B0%D0%BD HTTP/1.1" 200 26 "-" "PostmanRuntime/7.24.1"
::1 - - [13/May/2020:10:30:27 +0000] "GET /api/v1/categories?averagePrice[$gte]=70000 HTTP/1.1" 200 290 "-" "PostmanRuntime/7.24.1"
::1 - - [14/May/2020:04:05:16 +0000] "GET /api/v1/categories?select=name%20slug HTTP/1.1" 200 369 "-" "PostmanRuntime/7.24.1"
::1 - - [14/May/2020:04:06:10 +0000] "GET /api/v1/categories?select=name%20slug%20averageRating HTTP/1.1" 200 441 "-" "PostmanRuntime/7.24.1"
::1 - - [14/May/2020:04:06:51 +0000] "GET /api/v1/categories?select=name%20slug%20averageRating&averageRating[gte]=5 HTTP/1.1" 500 308 "-" "PostmanRuntime/7.24.1"
::1 - - [14/May/2020:04:07:11 +0000] "GET /api/v1/categories?select=name%20slug%20averageRating&averageRating[$gte]=5 HTTP/1.1" 200 350 "-" "PostmanRuntime/7.24.1"
::1 - - [14/May/2020:04:07:22 +0000] "GET /api/v1/categories?select=name%20slug%20averageRating&averageRating[$gt]=5 HTTP/1.1" 200 243 "-" "PostmanRuntime/7.24.1"
::1 - - [14/May/2020:04:08:53 +0000] "GET /api/v1/categories?select=name%20slug%20averageRating&averageRating[$gt]=5&sort=name HTTP/1.1" 200 26 "-" "PostmanRuntime/7.24.1"
::1 - - [14/May/2020:04:11:02 +0000] "GET /api/v1/categories?select=name%20slug%20averageRating&averageRating[$gt]=5&sort=name HTTP/1.1" 200 243 "-" "PostmanRuntime/7.24.1"
::1 - - [14/May/2020:04:11:12 +0000] "GET /api/v1/categories?select=name%20slug%20averageRating&averageRating[$gt]=4&sort=name HTTP/1.1" 200 350 "-" "PostmanRuntime/7.24.1"
::1 - - [14/May/2020:04:11:26 +0000] "GET /api/v1/categories?select=name%20slug%20averageRating&averageRating[$gt]=1&sort=name HTTP/1.1" 200 441 "-" "PostmanRuntime/7.24.1"
::1 - - [14/May/2020:04:11:32 +0000] "GET /api/v1/categories?select=name%20slug%20averageRating&averageRating[$gt]=1&sort=-name HTTP/1.1" 200 441 "-" "PostmanRuntime/7.24.1"
::1 - - [14/May/2020:04:13:53 +0000] "PUT /api/v1/categories/5eba1b9363ae7835e81b9859 HTTP/1.1" 500 572 "-" "PostmanRuntime/7.24.1"
::1 - - [14/May/2020:04:14:48 +0000] "PUT /api/v1/categories/5eba1b9363ae7835e81b9859 HTTP/1.1" 200 288 "-" "PostmanRuntime/7.24.1"
::1 - - [14/May/2020:04:15:05 +0000] "GET /api/v1/categories?select=name%20slug%20averageRating&averageRating[$gt]=1&sort=-name HTTP/1.1" 200 441 "-" "PostmanRuntime/7.24.1"
::1 - - [14/May/2020:04:15:35 +0000] "GET /api/v1/categories?select=name%20slug%20averagePrice%20averageRating&averageRating[$gt]=1&sort=-name HTTP/1.1" 200 525 "-" "PostmanRuntime/7.24.1"
::1 - - [14/May/2020:04:17:20 +0000] "GET /api/v1/categories?select=name%20slug%20averagePrice%20averageRating&averageRating[$gt]=1&sort=-averageRating%20-averagePrice HTTP/1.1" 200 525 "-" "PostmanRuntime/7.24.1"
::1 - - [14/May/2020:04:18:10 +0000] "GET /api/v1/categories?select=name%20slug%20averagePrice%20averageRating&averageRating[$gt]=1&sort=-averageRating%20averagePrice HTTP/1.1" 200 525 "-" "PostmanRuntime/7.24.1"
::1 - - [14/May/2020:04:19:09 +0000] "GET /api/v1/categories?select=name%20slug%20averagePrice%20averageRating&averageRating[$gt]=1&sort=-averageRating%20-averagePrice HTTP/1.1" 200 525 "-" "PostmanRuntime/7.24.1"
::1 - - [14/May/2020:04:19:19 +0000] "GET /api/v1/categories?select=name%20slug%20averagePrice%20averageRating&averageRating[$gt]=1&sort=-averageRating%20-averagePrice HTTP/1.1" 200 525 "-" "PostmanRuntime/7.24.1"
::1 - - [14/May/2020:04:20:03 +0000] "GET /api/v1/categories?select=name%20slug%20averagePrice%20averageRating&averageRating[$gt]=1&sort=-averagePrice HTTP/1.1" 200 525 "-" "PostmanRuntime/7.24.1"
::1 - - [14/May/2020:04:20:40 +0000] "GET /api/v1/categories?select=name%20slug%20averagePrice%20averageRating&averageRating[$gt]=1&sort=-averagePrice%20-averageRating HTTP/1.1" 200 525 "-" "PostmanRuntime/7.24.1"
::1 - - [14/May/2020:04:56:13 +0000] "GET /api/v1/categories?select=name&page=2&limit=1 HTTP/1.1" 200 92 "-" "PostmanRuntime/7.24.1"
::1 - - [14/May/2020:04:56:19 +0000] "GET /api/v1/categories?select=name&page=1&limit=1 HTTP/1.1" 200 91 "-" "PostmanRuntime/7.24.1"
::1 - - [14/May/2020:04:56:34 +0000] "GET /api/v1/categories?select=name&page=4&limit=1 HTTP/1.1" 200 95 "-" "PostmanRuntime/7.24.1"
::1 - - [14/May/2020:04:56:38 +0000] "GET /api/v1/categories?select=name&page=5&limit=1 HTTP/1.1" 200 26 "-" "PostmanRuntime/7.24.1"
::1 - - [14/May/2020:04:56:42 +0000] "GET /api/v1/categories?select=name&page=4&limit=1 HTTP/1.1" 200 95 "-" "PostmanRuntime/7.24.1"
::1 - - [14/May/2020:04:57:18 +0000] "GET /api/v1/categories?select=name&page=4&limit=1 HTTP/1.1" 200 165 "-" "PostmanRuntime/7.24.1"
::1 - - [14/May/2020:05:04:58 +0000] "GET /api/v1/categories?select=name&page=4&limit=1 HTTP/1.1" 200 165 "-" "PostmanRuntime/7.24.1"
::1 - - [14/May/2020:05:05:14 +0000] "GET /api/v1/categories?select=name&page=1&limit=1 HTTP/1.1" 200 161 "-" "PostmanRuntime/7.24.1"
::1 - - [14/May/2020:05:05:19 +0000] "GET /api/v1/categories?select=name&page=2&limit=1 HTTP/1.1" 200 175 "-" "PostmanRuntime/7.24.1"
::1 - - [14/May/2020:05:07:20 +0000] "GET /api/v1/categories?select=name&page=2&limit=1 HTTP/1.1" 200 175 "-" "PostmanRuntime/7.24.1"
::1 - - [14/May/2020:05:08:02 +0000] "GET /api/v1/categories?select=name&page=2&limit=1 HTTP/1.1" 200 175 "-" "PostmanRuntime/7.24.1"
::1 - - [14/May/2020:05:08:36 +0000] "GET /api/v1/categories?select=name&page=2&limit=1 HTTP/1.1" 500 28 "-" "PostmanRuntime/7.24.1"
::1 - - [14/May/2020:05:09:04 +0000] "GET /api/v1/categories?select=name&page=2&limit=1 HTTP/1.1" 200 175 "-" "PostmanRuntime/7.24.1"
::1 - - [14/May/2020:05:09:46 +0000] "GET /api/v1/categories?select=name%20slug%20averagePrice%20averageRating&averageRating[$gt]=1&sort=-averagePrice%20-averageRating HTTP/1.1" 200 591 "-" "PostmanRuntime/7.24.1"
::1 - - [14/May/2020:06:26:58 +0000] "GET /api/v1/categories?select=name%20slug%20averagePrice%20averageRating&averageRating[$gt]=1&sort=-averagePrice%20-averageRating HTTP/1.1" 200 604 "-" "PostmanRuntime/7.24.1"
::1 - - [14/May/2020:07:08:39 +0000] "GET /api/v1/books HTTP/1.1" 200 28916 "-" "PostmanRuntime/7.24.1"
::1 - - [14/May/2020:07:12:16 +0000] "GET /api/v1/books HTTP/1.1" 200 28916 "-" "PostmanRuntime/7.24.1"
::1 - - [14/May/2020:07:12:34 +0000] "GET /api/v1/categories/5eb920b008688d69948b6384 HTTP/1.1" 400 44 "-" "PostmanRuntime/7.24.1"
::1 - - [14/May/2020:07:12:55 +0000] "GET /api/v1/categories/5e90478549941f52dcb01b34 HTTP/1.1" 200 319 "-" "PostmanRuntime/7.24.1"
::1 - - [14/May/2020:07:13:00 +0000] "GET /api/v1/categories/5e90478549941f52dcb01b34/books HTTP/1.1" 200 7113 "-" "PostmanRuntime/7.24.1"
